#
# A fatal error has been detected by the Java Runtime Environment:
#
#  EXCEPTION_ACCESS_VIOLATION (0xc0000005) at pc=0x00007ffe87ddc7b3, pid=12308, tid=3532
#
# JRE version: OpenJDK Runtime Environment Corretto-11.0.15.9.1 (11.0.15+9) (build 11.0.15+9-LTS)
# Java VM: OpenJDK 64-Bit Server VM Corretto-11.0.15.9.1 (11.0.15+9-LTS, mixed mode, tiered, compressed oops, g1 gc, windows-amd64)
# Problematic frame:
# V  [jvm.dll+0x32c7b3]
#
# No core dump will be written. Minidumps are not enabled by default on client versions of Windows
#
# If you would like to submit a bug report, please visit:
#   https://github.com/corretto/corretto-11/issues/
#

---------------  S U M M A R Y ------------

Command Line: -agentlib:jdwp=transport=dt_socket,address=127.0.0.1:58420,suspend=y,server=n -ea -Didea.test.cyclic.buffer.size=1048576 -javaagent:C:\Users\Alex\AppData\Local\JetBrains\IdeaIC2022.1\captureAgent\debugger-agent.jar -Dfile.encoding=UTF-8 com.intellij.rt.junit.JUnitStarter -ideVersion5 -junit5 vendingmachine.dao.VendingMachineDaoImplTest,auditEntryTest

Host: AMD Ryzen 5 1600X Six-Core Processor           , 12 cores, 15G,  Windows 10 , 64 bit Build 19041 (10.0.19041.1645)
Time: Thu May  5 09:31:14 2022 Pacific Daylight Time elapsed time: 91.375437 seconds (0d 0h 1m 31s)

---------------  T H R E A D  ---------------

Current thread (0x0000020b0a7e4800):  VMThread "VM Thread" [stack: 0x000000574c600000,0x000000574c700000] [id=3532]

Stack: [0x000000574c600000,0x000000574c700000],  sp=0x000000574c6ff440,  free space=1021k
Native frames: (J=compiled Java code, j=interpreted, Vv=VM code, C=native code)
V  [jvm.dll+0x32c7b3]
V  [jvm.dll+0x3306ac]
V  [jvm.dll+0x330b8c]
V  [jvm.dll+0x32ca82]
V  [jvm.dll+0x60d6b5]
V  [jvm.dll+0x60d43d]
V  [jvm.dll+0x5d1f43]
V  [jvm.dll+0x4decb1]
V  [jvm.dll+0x7aebac]
V  [jvm.dll+0x7b2ce7]
V  [jvm.dll+0x7b3559]
V  [jvm.dll+0x7b38e7]
V  [jvm.dll+0x7671b4]
V  [jvm.dll+0x61d616]
C  [ucrtbase.dll+0x21bb2]
C  [KERNEL32.DLL+0x17034]
C  [ntdll.dll+0x52651]


siginfo: EXCEPTION_ACCESS_VIOLATION (0xc0000005), reading address 0xffffffffffffffff


Register to memory mapping:

RIP=0x00007ffe87ddc7b3 jvm.dll
RAX=0x0000020b0a79ecd0 points into unknown readable memory: 0x0004040800000001 | 01 00 00 00 08 04 04 00
RBX=0x000000574c6ff610 points into unknown readable memory: 0x00007ffe883acdb8 | b8 cd 3a 88 fe 7f 00 00
RCX=0x000000574c6ff680 points into unknown readable memory: 0x0000020b0a79ecd0 | d0 ec 79 0a 0b 02 00 00
RDX=0xffffffffffffca58 is an unknown value
RSP=0x000000574c6ff440 points into unknown readable memory: 0x0000000000000025 | 25 00 00 00 00 00 00 00
RBP=0x00007ffe87ddc790 jvm.dll
RSI=0x0 is NULL
RDI=0x00000000000000a7 is an unknown value
R8 =0x03ffffffffffff29 is an unknown value
R9 =0x0000000000000018 is an unknown value
R10=0x0000020b0a7e3f50 points into unknown readable memory: 0x0000001e00000003 | 03 00 00 00 1e 00 00 00
R11={method} {0x0000020b0afa8f68} 'auditEntryTest' '()V' in 'vendingmachine/dao/VendingMachineDaoImplTest'
R12=0x0000000000000001 is an unknown value
R13=0x00007ffe87ab0000 jvm.dll
R14=0x0000020b0afa8f04 is pointing into metadata
R15=0x0000000000000054 is an unknown value


Registers:
RAX=0x0000020b0a79ecd0, RBX=0x000000574c6ff610, RCX=0x000000574c6ff680, RDX=0xffffffffffffca58
RSP=0x000000574c6ff440, RBP=0x00007ffe87ddc790, RSI=0x0000000000000000, RDI=0x00000000000000a7
R8 =0x03ffffffffffff29, R9 =0x0000000000000018, R10=0x0000020b0a7e3f50, R11=0x0000020b0afa8f60
R12=0x0000000000000001, R13=0x00007ffe87ab0000, R14=0x0000020b0afa8f04, R15=0x0000000000000054
RIP=0x00007ffe87ddc7b3, EFLAGS=0x0000000000010212

Top of Stack: (sp=0x000000574c6ff440)
0x000000574c6ff440:   0000000000000025 0000000000000001
0x000000574c6ff450:   0000000000000000 00007ffe87df1caa
0x000000574c6ff460:   000000574c6ff610 00007ffe87de06ac
0x000000574c6ff470:   000000574c6ff610 0000020b0a7e4800
0x000000574c6ff480:   000000574c6ff4e0 00007ffe87bcee5e
0x000000574c6ff490:   0000020b0afa8f60 000000574c6ff680
0x000000574c6ff4a0:   0000020b0a79f008 0000020b0afa8f04
0x000000574c6ff4b0:   00000000000000a7 00007ffe87de0b8c
0x000000574c6ff4c0:   000000574c6ff610 0000000000000054
0x000000574c6ff4d0:   00000000000000a7 0000020b64320cc0
0x000000574c6ff4e0:   0000020b0afa8f60 0000020b0a7e4800
0x000000574c6ff4f0:   0000005700000054 000000a70000005e
0x000000574c6ff500:   0000005e00000000 ffffffff000000a7
0x000000574c6ff510:   0000020b0a79f008 0000000000000000
0x000000574c6ff520:   00007ffe88594180 00000000000003d8
0x000000574c6ff530:   0000020b0a79ec80 00007ffe87ddca82 

Instructions: (pc=0x00007ffe87ddc7b3)
0x00007ffe87ddc6b3:   84 b4 00 00 00 48 8b 5b 10 48 85 db 75 ef 33 d2
0x00007ffe87ddc6c3:   8d 4a 18 e8 b5 f8 34 00 48 8b d8 48 85 c0 0f 84
0x00007ffe87ddc6d3:   8e 00 00 00 33 d2 48 89 6c 24 48 49 8b 2e 48 89
0x00007ffe87ddc6e3:   74 24 50 89 38 8d 4a 20 e8 90 f8 34 00 33 ff 48
0x00007ffe87ddc6f3:   8b f0 48 85 c0 74 54 8b 0d 50 80 71 00 8d 57 08
0x00007ffe87ddc703:   89 48 04 48 8b c8 89 38 c7 40 10 07 00 00 00 48
0x00007ffe87ddc713:   89 78 08 e8 05 4f 01 00 48 89 46 18 39 7e 04 7e
0x00007ffe87ddc723:   2d 0f 1f 40 00 0f 1f 84 00 00 00 00 00 48 8b 46
0x00007ffe87ddc733:   18 48 63 cf 48 8d 14 c8 48 85 d2 74 05 33 c0 48
0x00007ffe87ddc743:   89 02 ff c7 3b 7e 04 7c e4 eb 03 48 8b f7 48 89
0x00007ffe87ddc753:   73 08 48 8b 74 24 50 48 89 6b 10 48 8b 6c 24 48
0x00007ffe87ddc763:   eb 04 33 ff 8b df 49 89 1e 48 8b 4b 08 48 8d 54
0x00007ffe87ddc773:   24 40 4c 89 7c 24 40 e8 c1 0d da ff 48 8b 5c 24
0x00007ffe87ddc783:   58 48 83 c4 20 41 5f 41 5e 5f c3 cc cc 40 53 48
0x00007ffe87ddc793:   83 ec 20 48 63 d2 48 8b d9 0f b6 c2 48 83 c1 70
0x00007ffe87ddc7a3:   24 3f 4c 8b c2 44 0f b6 c8 49 c1 e8 06 48 8b 01
0x00007ffe87ddc7b3:   4e 8b 04 c0 4d 0f a3 c8 72 0b 41 b0 01 e8 8b 67
0x00007ffe87ddc7c3:   de ff ff 43 6c 48 83 c4 20 5b c3 cc cc 8b c2 4c
0x00007ffe87ddc7d3:   8b d1 41 33 c0 a9 00 00 00 f0 0f 84 ca 00 00 00
0x00007ffe87ddc7e3:   44 8b ca 8b c2 41 c1 e9 1d b9 72 00 00 00 41 80
0x00007ffe87ddc7f3:   e1 01 c1 e8 1e 44 8d 59 ae a8 01 74 1a 45 84 c9
0x00007ffe87ddc803:   75 0d c1 ea 1c f6 c2 01 75 05 44 8b c9 eb 35 41
0x00007ffe87ddc813:   b9 23 00 00 00 eb 2d 45 84 c9 74 08 41 b9 76 00
0x00007ffe87ddc823:   00 00 eb 20 8b c2 c1 e8 1c a8 01 74 08 41 b9 70
0x00007ffe87ddc833:   00 00 00 eb 0f c1 ea 1f 41 b9 40 00 00 00 84 d2
0x00007ffe87ddc843:   45 0f 45 cb 41 8b d0 41 8b c0 c1 ea 1d 80 e2 01
0x00007ffe87ddc853:   c1 e8 1e a8 01 74 15 84 d2 75 0a 41 c1 e8 1c 41
0x00007ffe87ddc863:   f6 c0 01 74 33 b9 23 00 00 00 eb 2c 84 d2 74 07
0x00007ffe87ddc873:   b9 76 00 00 00 eb 21 41 8b c0 c1 e8 1c a8 01 74
0x00007ffe87ddc883:   07 b9 70 00 00 00 eb 10 41 c1 e8 1f b9 40 00 00
0x00007ffe87ddc893:   00 45 84 c0 41 0f 45 cb 44 8b c1 48 8d 15 b3 12
0x00007ffe87ddc8a3:   59 00 49 8b ca e9 63 5d 00 00 c3 cc cc 48 89 5c 


Stack slot to memory mapping:
stack at sp + 0 slots: 0x0000000000000025 is an unknown value
stack at sp + 1 slots: 0x0000000000000001 is an unknown value
stack at sp + 2 slots: 0x0 is NULL
stack at sp + 3 slots: 0x00007ffe87df1caa jvm.dll
stack at sp + 4 slots: 0x000000574c6ff610 points into unknown readable memory: 0x00007ffe883acdb8 | b8 cd 3a 88 fe 7f 00 00
stack at sp + 5 slots: 0x00007ffe87de06ac jvm.dll
stack at sp + 6 slots: 0x000000574c6ff610 points into unknown readable memory: 0x00007ffe883acdb8 | b8 cd 3a 88 fe 7f 00 00
stack at sp + 7 slots: 0x0000020b0a7e4800 points into unknown readable memory: 0x00007ffe883ec4c8 | c8 c4 3e 88 fe 7f 00 00

VM_Operation (0x000000574d1ff5f0): GetOrSetLocal, mode: safepoint, requested by thread 0x0000020b0b529800


---------------  P R O C E S S  ---------------

Threads class SMR info:
_java_thread_list=0x0000020b0bf085a0, length=13, elements={
0x0000020b665ce000, 0x0000020b0a7f6800, 0x0000020b0a7f8000, 0x0000020b0b0e7800,
0x0000020b0b0e9000, 0x0000020b0b0eb000, 0x0000020b0b0f1000, 0x0000020b0b0f6000,
0x0000020b0b103000, 0x0000020b0a79f800, 0x0000020b0b529800, 0x0000020b0b54b800,
0x0000020b0b54c800
}

Java Threads: ( => current thread )
  0x0000020b665ce000 JavaThread "main" [_thread_blocked, id=7376, stack(0x000000574c000000,0x000000574c100000)]
  0x0000020b0a7f6800 JavaThread "Reference Handler" daemon [_thread_blocked, id=8468, stack(0x000000574c700000,0x000000574c800000)]
  0x0000020b0a7f8000 JavaThread "Finalizer" daemon [_thread_blocked, id=10756, stack(0x000000574c800000,0x000000574c900000)]
  0x0000020b0b0e7800 JavaThread "Signal Dispatcher" daemon [_thread_blocked, id=6436, stack(0x000000574c900000,0x000000574ca00000)]
  0x0000020b0b0e9000 JavaThread "Attach Listener" daemon [_thread_blocked, id=10772, stack(0x000000574ca00000,0x000000574cb00000)]
  0x0000020b0b0eb000 JavaThread "Service Thread" daemon [_thread_blocked, id=20036, stack(0x000000574cb00000,0x000000574cc00000)]
  0x0000020b0b0f1000 JavaThread "C2 CompilerThread0" daemon [_thread_blocked, id=21056, stack(0x000000574cc00000,0x000000574cd00000)]
  0x0000020b0b0f6000 JavaThread "C1 CompilerThread0" daemon [_thread_blocked, id=14588, stack(0x000000574cd00000,0x000000574ce00000)]
  0x0000020b0b103000 JavaThread "Sweeper thread" daemon [_thread_blocked, id=12004, stack(0x000000574ce00000,0x000000574cf00000)]
  0x0000020b0a79f800 JavaThread "Common-Cleaner" daemon [_thread_blocked, id=10632, stack(0x000000574cf00000,0x000000574d000000)]
  0x0000020b0b529800 JavaThread "JDWP Transport Listener: dt_socket" daemon [_thread_blocked, id=3368, stack(0x000000574d100000,0x000000574d200000)] _threads_hazard_ptr=0x0000020b0bf085a0
  0x0000020b0b54b800 JavaThread "JDWP Event Helper Thread" daemon [_thread_blocked, id=2376, stack(0x000000574d200000,0x000000574d300000)]
  0x0000020b0b54c800 JavaThread "JDWP Command Reader" daemon [_thread_in_native, id=9000, stack(0x000000574d300000,0x000000574d400000)]

Other Threads:
=>0x0000020b0a7e4800 VMThread "VM Thread" [stack: 0x000000574c600000,0x000000574c700000] [id=3532]
  0x0000020b0b3f7000 WatcherThread [stack: 0x000000574d400000,0x000000574d500000] [id=19260]
  0x0000020b665e6000 GCTaskThread "GC Thread#0" [stack: 0x000000574c100000,0x000000574c200000] [id=16488]
  0x0000020b66642800 ConcurrentGCThread "G1 Main Marker" [stack: 0x000000574c200000,0x000000574c300000] [id=19228]
  0x0000020b66644000 ConcurrentGCThread "G1 Conc#0" [stack: 0x000000574c300000,0x000000574c400000] [id=16504]
  0x0000020b0a6bb800 ConcurrentGCThread "G1 Refine#0" [stack: 0x000000574c400000,0x000000574c500000] [id=11012]
  0x0000020b0a6bc800 ConcurrentGCThread "G1 Young RemSet Sampling" [stack: 0x000000574c500000,0x000000574c600000] [id=15436]

Threads with active compile tasks:

VM state:at safepoint (normal execution)

VM Mutex/Monitor currently owned by a thread:  ([mutex/lock_event])
[0x0000020b665cbc80] Threads_lock - owner thread: 0x0000020b0a7e4800

Heap address: 0x0000000700c00000, size: 4084 MB, Compressed Oops mode: Zero based, Oop shift amount: 3
Narrow klass base: 0x0000000800000000, Narrow klass shift: 0
Compressed class space size: 1073741824 Address: 0x0000000800000000

Heap:
 garbage-first heap   total 262144K, used 21504K [0x0000000700c00000, 0x0000000800000000)
  region size 1024K, 22 young (22528K), 0 survivors (0K)
 Metaspace       used 12601K, capacity 13204K, committed 13312K, reserved 1060864K
  class space    used 1289K, capacity 1506K, committed 1536K, reserved 1048576K
Heap Regions: E=young(eden), S=young(survivor), O=old, HS=humongous(starts), HC=humongous(continues), CS=collection set, F=free, A=archive, TAMS=top-at-mark-start (previous, next)
|   0|0x0000000700c00000, 0x0000000700c00000, 0x0000000700d00000|  0%| F|  |TAMS 0x0000000700c00000, 0x0000000700c00000| Untracked 
|   1|0x0000000700d00000, 0x0000000700d00000, 0x0000000700e00000|  0%| F|  |TAMS 0x0000000700d00000, 0x0000000700d00000| Untracked 
|   2|0x0000000700e00000, 0x0000000700e00000, 0x0000000700f00000|  0%| F|  |TAMS 0x0000000700e00000, 0x0000000700e00000| Untracked 
|   3|0x0000000700f00000, 0x0000000700f00000, 0x0000000701000000|  0%| F|  |TAMS 0x0000000700f00000, 0x0000000700f00000| Untracked 
|   4|0x0000000701000000, 0x0000000701000000, 0x0000000701100000|  0%| F|  |TAMS 0x0000000701000000, 0x0000000701000000| Untracked 
|   5|0x0000000701100000, 0x0000000701100000, 0x0000000701200000|  0%| F|  |TAMS 0x0000000701100000, 0x0000000701100000| Untracked 
|   6|0x0000000701200000, 0x0000000701200000, 0x0000000701300000|  0%| F|  |TAMS 0x0000000701200000, 0x0000000701200000| Untracked 
|   7|0x0000000701300000, 0x0000000701300000, 0x0000000701400000|  0%| F|  |TAMS 0x0000000701300000, 0x0000000701300000| Untracked 
|   8|0x0000000701400000, 0x0000000701400000, 0x0000000701500000|  0%| F|  |TAMS 0x0000000701400000, 0x0000000701400000| Untracked 
|   9|0x0000000701500000, 0x0000000701500000, 0x0000000701600000|  0%| F|  |TAMS 0x0000000701500000, 0x0000000701500000| Untracked 
|  10|0x0000000701600000, 0x0000000701600000, 0x0000000701700000|  0%| F|  |TAMS 0x0000000701600000, 0x0000000701600000| Untracked 
|  11|0x0000000701700000, 0x0000000701700000, 0x0000000701800000|  0%| F|  |TAMS 0x0000000701700000, 0x0000000701700000| Untracked 
|  12|0x0000000701800000, 0x0000000701800000, 0x0000000701900000|  0%| F|  |TAMS 0x0000000701800000, 0x0000000701800000| Untracked 
|  13|0x0000000701900000, 0x0000000701900000, 0x0000000701a00000|  0%| F|  |TAMS 0x0000000701900000, 0x0000000701900000| Untracked 
|  14|0x0000000701a00000, 0x0000000701a00000, 0x0000000701b00000|  0%| F|  |TAMS 0x0000000701a00000, 0x0000000701a00000| Untracked 
|  15|0x0000000701b00000, 0x0000000701b00000, 0x0000000701c00000|  0%| F|  |TAMS 0x0000000701b00000, 0x0000000701b00000| Untracked 
|  16|0x0000000701c00000, 0x0000000701c00000, 0x0000000701d00000|  0%| F|  |TAMS 0x0000000701c00000, 0x0000000701c00000| Untracked 
|  17|0x0000000701d00000, 0x0000000701d00000, 0x0000000701e00000|  0%| F|  |TAMS 0x0000000701d00000, 0x0000000701d00000| Untracked 
|  18|0x0000000701e00000, 0x0000000701e00000, 0x0000000701f00000|  0%| F|  |TAMS 0x0000000701e00000, 0x0000000701e00000| Untracked 
|  19|0x0000000701f00000, 0x0000000701f00000, 0x0000000702000000|  0%| F|  |TAMS 0x0000000701f00000, 0x0000000701f00000| Untracked 
|  20|0x0000000702000000, 0x0000000702000000, 0x0000000702100000|  0%| F|  |TAMS 0x0000000702000000, 0x0000000702000000| Untracked 
|  21|0x0000000702100000, 0x0000000702100000, 0x0000000702200000|  0%| F|  |TAMS 0x0000000702100000, 0x0000000702100000| Untracked 
|  22|0x0000000702200000, 0x0000000702200000, 0x0000000702300000|  0%| F|  |TAMS 0x0000000702200000, 0x0000000702200000| Untracked 
|  23|0x0000000702300000, 0x0000000702300000, 0x0000000702400000|  0%| F|  |TAMS 0x0000000702300000, 0x0000000702300000| Untracked 
|  24|0x0000000702400000, 0x0000000702400000, 0x0000000702500000|  0%| F|  |TAMS 0x0000000702400000, 0x0000000702400000| Untracked 
|  25|0x0000000702500000, 0x0000000702500000, 0x0000000702600000|  0%| F|  |TAMS 0x0000000702500000, 0x0000000702500000| Untracked 
|  26|0x0000000702600000, 0x0000000702600000, 0x0000000702700000|  0%| F|  |TAMS 0x0000000702600000, 0x0000000702600000| Untracked 
|  27|0x0000000702700000, 0x0000000702700000, 0x0000000702800000|  0%| F|  |TAMS 0x0000000702700000, 0x0000000702700000| Untracked 
|  28|0x0000000702800000, 0x0000000702800000, 0x0000000702900000|  0%| F|  |TAMS 0x0000000702800000, 0x0000000702800000| Untracked 
|  29|0x0000000702900000, 0x0000000702900000, 0x0000000702a00000|  0%| F|  |TAMS 0x0000000702900000, 0x0000000702900000| Untracked 
|  30|0x0000000702a00000, 0x0000000702a00000, 0x0000000702b00000|  0%| F|  |TAMS 0x0000000702a00000, 0x0000000702a00000| Untracked 
|  31|0x0000000702b00000, 0x0000000702b00000, 0x0000000702c00000|  0%| F|  |TAMS 0x0000000702b00000, 0x0000000702b00000| Untracked 
|  32|0x0000000702c00000, 0x0000000702c00000, 0x0000000702d00000|  0%| F|  |TAMS 0x0000000702c00000, 0x0000000702c00000| Untracked 
|  33|0x0000000702d00000, 0x0000000702d00000, 0x0000000702e00000|  0%| F|  |TAMS 0x0000000702d00000, 0x0000000702d00000| Untracked 
|  34|0x0000000702e00000, 0x0000000702e00000, 0x0000000702f00000|  0%| F|  |TAMS 0x0000000702e00000, 0x0000000702e00000| Untracked 
|  35|0x0000000702f00000, 0x0000000702f00000, 0x0000000703000000|  0%| F|  |TAMS 0x0000000702f00000, 0x0000000702f00000| Untracked 
|  36|0x0000000703000000, 0x0000000703000000, 0x0000000703100000|  0%| F|  |TAMS 0x0000000703000000, 0x0000000703000000| Untracked 
|  37|0x0000000703100000, 0x0000000703100000, 0x0000000703200000|  0%| F|  |TAMS 0x0000000703100000, 0x0000000703100000| Untracked 
|  38|0x0000000703200000, 0x0000000703200000, 0x0000000703300000|  0%| F|  |TAMS 0x0000000703200000, 0x0000000703200000| Untracked 
|  39|0x0000000703300000, 0x0000000703300000, 0x0000000703400000|  0%| F|  |TAMS 0x0000000703300000, 0x0000000703300000| Untracked 
|  40|0x0000000703400000, 0x0000000703400000, 0x0000000703500000|  0%| F|  |TAMS 0x0000000703400000, 0x0000000703400000| Untracked 
|  41|0x0000000703500000, 0x0000000703500000, 0x0000000703600000|  0%| F|  |TAMS 0x0000000703500000, 0x0000000703500000| Untracked 
|  42|0x0000000703600000, 0x0000000703600000, 0x0000000703700000|  0%| F|  |TAMS 0x0000000703600000, 0x0000000703600000| Untracked 
|  43|0x0000000703700000, 0x0000000703700000, 0x0000000703800000|  0%| F|  |TAMS 0x0000000703700000, 0x0000000703700000| Untracked 
|  44|0x0000000703800000, 0x0000000703800000, 0x0000000703900000|  0%| F|  |TAMS 0x0000000703800000, 0x0000000703800000| Untracked 
|  45|0x0000000703900000, 0x0000000703900000, 0x0000000703a00000|  0%| F|  |TAMS 0x0000000703900000, 0x0000000703900000| Untracked 
|  46|0x0000000703a00000, 0x0000000703a00000, 0x0000000703b00000|  0%| F|  |TAMS 0x0000000703a00000, 0x0000000703a00000| Untracked 
|  47|0x0000000703b00000, 0x0000000703b00000, 0x0000000703c00000|  0%| F|  |TAMS 0x0000000703b00000, 0x0000000703b00000| Untracked 
|  48|0x0000000703c00000, 0x0000000703c00000, 0x0000000703d00000|  0%| F|  |TAMS 0x0000000703c00000, 0x0000000703c00000| Untracked 
|  49|0x0000000703d00000, 0x0000000703d00000, 0x0000000703e00000|  0%| F|  |TAMS 0x0000000703d00000, 0x0000000703d00000| Untracked 
|  50|0x0000000703e00000, 0x0000000703e00000, 0x0000000703f00000|  0%| F|  |TAMS 0x0000000703e00000, 0x0000000703e00000| Untracked 
|  51|0x0000000703f00000, 0x0000000703f00000, 0x0000000704000000|  0%| F|  |TAMS 0x0000000703f00000, 0x0000000703f00000| Untracked 
|  52|0x0000000704000000, 0x0000000704000000, 0x0000000704100000|  0%| F|  |TAMS 0x0000000704000000, 0x0000000704000000| Untracked 
|  53|0x0000000704100000, 0x0000000704100000, 0x0000000704200000|  0%| F|  |TAMS 0x0000000704100000, 0x0000000704100000| Untracked 
|  54|0x0000000704200000, 0x0000000704200000, 0x0000000704300000|  0%| F|  |TAMS 0x0000000704200000, 0x0000000704200000| Untracked 
|  55|0x0000000704300000, 0x0000000704300000, 0x0000000704400000|  0%| F|  |TAMS 0x0000000704300000, 0x0000000704300000| Untracked 
|  56|0x0000000704400000, 0x0000000704400000, 0x0000000704500000|  0%| F|  |TAMS 0x0000000704400000, 0x0000000704400000| Untracked 
|  57|0x0000000704500000, 0x0000000704500000, 0x0000000704600000|  0%| F|  |TAMS 0x0000000704500000, 0x0000000704500000| Untracked 
|  58|0x0000000704600000, 0x0000000704600000, 0x0000000704700000|  0%| F|  |TAMS 0x0000000704600000, 0x0000000704600000| Untracked 
|  59|0x0000000704700000, 0x0000000704700000, 0x0000000704800000|  0%| F|  |TAMS 0x0000000704700000, 0x0000000704700000| Untracked 
|  60|0x0000000704800000, 0x0000000704800000, 0x0000000704900000|  0%| F|  |TAMS 0x0000000704800000, 0x0000000704800000| Untracked 
|  61|0x0000000704900000, 0x0000000704900000, 0x0000000704a00000|  0%| F|  |TAMS 0x0000000704900000, 0x0000000704900000| Untracked 
|  62|0x0000000704a00000, 0x0000000704a00000, 0x0000000704b00000|  0%| F|  |TAMS 0x0000000704a00000, 0x0000000704a00000| Untracked 
|  63|0x0000000704b00000, 0x0000000704b00000, 0x0000000704c00000|  0%| F|  |TAMS 0x0000000704b00000, 0x0000000704b00000| Untracked 
|  64|0x0000000704c00000, 0x0000000704c00000, 0x0000000704d00000|  0%| F|  |TAMS 0x0000000704c00000, 0x0000000704c00000| Untracked 
|  65|0x0000000704d00000, 0x0000000704d00000, 0x0000000704e00000|  0%| F|  |TAMS 0x0000000704d00000, 0x0000000704d00000| Untracked 
|  66|0x0000000704e00000, 0x0000000704e00000, 0x0000000704f00000|  0%| F|  |TAMS 0x0000000704e00000, 0x0000000704e00000| Untracked 
|  67|0x0000000704f00000, 0x0000000704f00000, 0x0000000705000000|  0%| F|  |TAMS 0x0000000704f00000, 0x0000000704f00000| Untracked 
|  68|0x0000000705000000, 0x0000000705000000, 0x0000000705100000|  0%| F|  |TAMS 0x0000000705000000, 0x0000000705000000| Untracked 
|  69|0x0000000705100000, 0x0000000705100000, 0x0000000705200000|  0%| F|  |TAMS 0x0000000705100000, 0x0000000705100000| Untracked 
|  70|0x0000000705200000, 0x0000000705200000, 0x0000000705300000|  0%| F|  |TAMS 0x0000000705200000, 0x0000000705200000| Untracked 
|  71|0x0000000705300000, 0x0000000705300000, 0x0000000705400000|  0%| F|  |TAMS 0x0000000705300000, 0x0000000705300000| Untracked 
|  72|0x0000000705400000, 0x0000000705400000, 0x0000000705500000|  0%| F|  |TAMS 0x0000000705400000, 0x0000000705400000| Untracked 
|  73|0x0000000705500000, 0x0000000705500000, 0x0000000705600000|  0%| F|  |TAMS 0x0000000705500000, 0x0000000705500000| Untracked 
|  74|0x0000000705600000, 0x0000000705600000, 0x0000000705700000|  0%| F|  |TAMS 0x0000000705600000, 0x0000000705600000| Untracked 
|  75|0x0000000705700000, 0x0000000705700000, 0x0000000705800000|  0%| F|  |TAMS 0x0000000705700000, 0x0000000705700000| Untracked 
|  76|0x0000000705800000, 0x0000000705800000, 0x0000000705900000|  0%| F|  |TAMS 0x0000000705800000, 0x0000000705800000| Untracked 
|  77|0x0000000705900000, 0x0000000705900000, 0x0000000705a00000|  0%| F|  |TAMS 0x0000000705900000, 0x0000000705900000| Untracked 
|  78|0x0000000705a00000, 0x0000000705a00000, 0x0000000705b00000|  0%| F|  |TAMS 0x0000000705a00000, 0x0000000705a00000| Untracked 
|  79|0x0000000705b00000, 0x0000000705b00000, 0x0000000705c00000|  0%| F|  |TAMS 0x0000000705b00000, 0x0000000705b00000| Untracked 
|  80|0x0000000705c00000, 0x0000000705c00000, 0x0000000705d00000|  0%| F|  |TAMS 0x0000000705c00000, 0x0000000705c00000| Untracked 
|  81|0x0000000705d00000, 0x0000000705d00000, 0x0000000705e00000|  0%| F|  |TAMS 0x0000000705d00000, 0x0000000705d00000| Untracked 
|  82|0x0000000705e00000, 0x0000000705e00000, 0x0000000705f00000|  0%| F|  |TAMS 0x0000000705e00000, 0x0000000705e00000| Untracked 
|  83|0x0000000705f00000, 0x0000000705f00000, 0x0000000706000000|  0%| F|  |TAMS 0x0000000705f00000, 0x0000000705f00000| Untracked 
|  84|0x0000000706000000, 0x0000000706000000, 0x0000000706100000|  0%| F|  |TAMS 0x0000000706000000, 0x0000000706000000| Untracked 
|  85|0x0000000706100000, 0x0000000706100000, 0x0000000706200000|  0%| F|  |TAMS 0x0000000706100000, 0x0000000706100000| Untracked 
|  86|0x0000000706200000, 0x0000000706200000, 0x0000000706300000|  0%| F|  |TAMS 0x0000000706200000, 0x0000000706200000| Untracked 
|  87|0x0000000706300000, 0x0000000706300000, 0x0000000706400000|  0%| F|  |TAMS 0x0000000706300000, 0x0000000706300000| Untracked 
|  88|0x0000000706400000, 0x0000000706400000, 0x0000000706500000|  0%| F|  |TAMS 0x0000000706400000, 0x0000000706400000| Untracked 
|  89|0x0000000706500000, 0x0000000706500000, 0x0000000706600000|  0%| F|  |TAMS 0x0000000706500000, 0x0000000706500000| Untracked 
|  90|0x0000000706600000, 0x0000000706600000, 0x0000000706700000|  0%| F|  |TAMS 0x0000000706600000, 0x0000000706600000| Untracked 
|  91|0x0000000706700000, 0x0000000706700000, 0x0000000706800000|  0%| F|  |TAMS 0x0000000706700000, 0x0000000706700000| Untracked 
|  92|0x0000000706800000, 0x0000000706800000, 0x0000000706900000|  0%| F|  |TAMS 0x0000000706800000, 0x0000000706800000| Untracked 
|  93|0x0000000706900000, 0x0000000706900000, 0x0000000706a00000|  0%| F|  |TAMS 0x0000000706900000, 0x0000000706900000| Untracked 
|  94|0x0000000706a00000, 0x0000000706a00000, 0x0000000706b00000|  0%| F|  |TAMS 0x0000000706a00000, 0x0000000706a00000| Untracked 
|  95|0x0000000706b00000, 0x0000000706b00000, 0x0000000706c00000|  0%| F|  |TAMS 0x0000000706b00000, 0x0000000706b00000| Untracked 
|  96|0x0000000706c00000, 0x0000000706c00000, 0x0000000706d00000|  0%| F|  |TAMS 0x0000000706c00000, 0x0000000706c00000| Untracked 
|  97|0x0000000706d00000, 0x0000000706d00000, 0x0000000706e00000|  0%| F|  |TAMS 0x0000000706d00000, 0x0000000706d00000| Untracked 
|  98|0x0000000706e00000, 0x0000000706e00000, 0x0000000706f00000|  0%| F|  |TAMS 0x0000000706e00000, 0x0000000706e00000| Untracked 
|  99|0x0000000706f00000, 0x0000000706f00000, 0x0000000707000000|  0%| F|  |TAMS 0x0000000706f00000, 0x0000000706f00000| Untracked 
| 100|0x0000000707000000, 0x0000000707000000, 0x0000000707100000|  0%| F|  |TAMS 0x0000000707000000, 0x0000000707000000| Untracked 
| 101|0x0000000707100000, 0x0000000707100000, 0x0000000707200000|  0%| F|  |TAMS 0x0000000707100000, 0x0000000707100000| Untracked 
| 102|0x0000000707200000, 0x0000000707200000, 0x0000000707300000|  0%| F|  |TAMS 0x0000000707200000, 0x0000000707200000| Untracked 
| 103|0x0000000707300000, 0x0000000707300000, 0x0000000707400000|  0%| F|  |TAMS 0x0000000707300000, 0x0000000707300000| Untracked 
| 104|0x0000000707400000, 0x0000000707400000, 0x0000000707500000|  0%| F|  |TAMS 0x0000000707400000, 0x0000000707400000| Untracked 
| 105|0x0000000707500000, 0x0000000707500000, 0x0000000707600000|  0%| F|  |TAMS 0x0000000707500000, 0x0000000707500000| Untracked 
| 106|0x0000000707600000, 0x0000000707600000, 0x0000000707700000|  0%| F|  |TAMS 0x0000000707600000, 0x0000000707600000| Untracked 
| 107|0x0000000707700000, 0x0000000707700000, 0x0000000707800000|  0%| F|  |TAMS 0x0000000707700000, 0x0000000707700000| Untracked 
| 108|0x0000000707800000, 0x0000000707800000, 0x0000000707900000|  0%| F|  |TAMS 0x0000000707800000, 0x0000000707800000| Untracked 
| 109|0x0000000707900000, 0x0000000707900000, 0x0000000707a00000|  0%| F|  |TAMS 0x0000000707900000, 0x0000000707900000| Untracked 
| 110|0x0000000707a00000, 0x0000000707a00000, 0x0000000707b00000|  0%| F|  |TAMS 0x0000000707a00000, 0x0000000707a00000| Untracked 
| 111|0x0000000707b00000, 0x0000000707b00000, 0x0000000707c00000|  0%| F|  |TAMS 0x0000000707b00000, 0x0000000707b00000| Untracked 
| 112|0x0000000707c00000, 0x0000000707c00000, 0x0000000707d00000|  0%| F|  |TAMS 0x0000000707c00000, 0x0000000707c00000| Untracked 
| 113|0x0000000707d00000, 0x0000000707d00000, 0x0000000707e00000|  0%| F|  |TAMS 0x0000000707d00000, 0x0000000707d00000| Untracked 
| 114|0x0000000707e00000, 0x0000000707e00000, 0x0000000707f00000|  0%| F|  |TAMS 0x0000000707e00000, 0x0000000707e00000| Untracked 
| 115|0x0000000707f00000, 0x0000000707f00000, 0x0000000708000000|  0%| F|  |TAMS 0x0000000707f00000, 0x0000000707f00000| Untracked 
| 116|0x0000000708000000, 0x0000000708000000, 0x0000000708100000|  0%| F|  |TAMS 0x0000000708000000, 0x0000000708000000| Untracked 
| 117|0x0000000708100000, 0x0000000708100000, 0x0000000708200000|  0%| F|  |TAMS 0x0000000708100000, 0x0000000708100000| Untracked 
| 118|0x0000000708200000, 0x0000000708200000, 0x0000000708300000|  0%| F|  |TAMS 0x0000000708200000, 0x0000000708200000| Untracked 
| 119|0x0000000708300000, 0x0000000708300000, 0x0000000708400000|  0%| F|  |TAMS 0x0000000708300000, 0x0000000708300000| Untracked 
| 120|0x0000000708400000, 0x0000000708400000, 0x0000000708500000|  0%| F|  |TAMS 0x0000000708400000, 0x0000000708400000| Untracked 
| 121|0x0000000708500000, 0x0000000708500000, 0x0000000708600000|  0%| F|  |TAMS 0x0000000708500000, 0x0000000708500000| Untracked 
| 122|0x0000000708600000, 0x0000000708600000, 0x0000000708700000|  0%| F|  |TAMS 0x0000000708600000, 0x0000000708600000| Untracked 
| 123|0x0000000708700000, 0x0000000708700000, 0x0000000708800000|  0%| F|  |TAMS 0x0000000708700000, 0x0000000708700000| Untracked 
| 124|0x0000000708800000, 0x0000000708800000, 0x0000000708900000|  0%| F|  |TAMS 0x0000000708800000, 0x0000000708800000| Untracked 
| 125|0x0000000708900000, 0x0000000708900000, 0x0000000708a00000|  0%| F|  |TAMS 0x0000000708900000, 0x0000000708900000| Untracked 
| 126|0x0000000708a00000, 0x0000000708a00000, 0x0000000708b00000|  0%| F|  |TAMS 0x0000000708a00000, 0x0000000708a00000| Untracked 
| 127|0x0000000708b00000, 0x0000000708b00000, 0x0000000708c00000|  0%| F|  |TAMS 0x0000000708b00000, 0x0000000708b00000| Untracked 
| 128|0x0000000708c00000, 0x0000000708c00000, 0x0000000708d00000|  0%| F|  |TAMS 0x0000000708c00000, 0x0000000708c00000| Untracked 
| 129|0x0000000708d00000, 0x0000000708d00000, 0x0000000708e00000|  0%| F|  |TAMS 0x0000000708d00000, 0x0000000708d00000| Untracked 
| 130|0x0000000708e00000, 0x0000000708e00000, 0x0000000708f00000|  0%| F|  |TAMS 0x0000000708e00000, 0x0000000708e00000| Untracked 
| 131|0x0000000708f00000, 0x0000000708f00000, 0x0000000709000000|  0%| F|  |TAMS 0x0000000708f00000, 0x0000000708f00000| Untracked 
| 132|0x0000000709000000, 0x0000000709000000, 0x0000000709100000|  0%| F|  |TAMS 0x0000000709000000, 0x0000000709000000| Untracked 
| 133|0x0000000709100000, 0x0000000709100000, 0x0000000709200000|  0%| F|  |TAMS 0x0000000709100000, 0x0000000709100000| Untracked 
| 134|0x0000000709200000, 0x0000000709200000, 0x0000000709300000|  0%| F|  |TAMS 0x0000000709200000, 0x0000000709200000| Untracked 
| 135|0x0000000709300000, 0x0000000709300000, 0x0000000709400000|  0%| F|  |TAMS 0x0000000709300000, 0x0000000709300000| Untracked 
| 136|0x0000000709400000, 0x0000000709400000, 0x0000000709500000|  0%| F|  |TAMS 0x0000000709400000, 0x0000000709400000| Untracked 
| 137|0x0000000709500000, 0x0000000709500000, 0x0000000709600000|  0%| F|  |TAMS 0x0000000709500000, 0x0000000709500000| Untracked 
| 138|0x0000000709600000, 0x0000000709600000, 0x0000000709700000|  0%| F|  |TAMS 0x0000000709600000, 0x0000000709600000| Untracked 
| 139|0x0000000709700000, 0x0000000709700000, 0x0000000709800000|  0%| F|  |TAMS 0x0000000709700000, 0x0000000709700000| Untracked 
| 140|0x0000000709800000, 0x0000000709800000, 0x0000000709900000|  0%| F|  |TAMS 0x0000000709800000, 0x0000000709800000| Untracked 
| 141|0x0000000709900000, 0x0000000709900000, 0x0000000709a00000|  0%| F|  |TAMS 0x0000000709900000, 0x0000000709900000| Untracked 
| 142|0x0000000709a00000, 0x0000000709a00000, 0x0000000709b00000|  0%| F|  |TAMS 0x0000000709a00000, 0x0000000709a00000| Untracked 
| 143|0x0000000709b00000, 0x0000000709b00000, 0x0000000709c00000|  0%| F|  |TAMS 0x0000000709b00000, 0x0000000709b00000| Untracked 
| 144|0x0000000709c00000, 0x0000000709c00000, 0x0000000709d00000|  0%| F|  |TAMS 0x0000000709c00000, 0x0000000709c00000| Untracked 
| 145|0x0000000709d00000, 0x0000000709d00000, 0x0000000709e00000|  0%| F|  |TAMS 0x0000000709d00000, 0x0000000709d00000| Untracked 
| 146|0x0000000709e00000, 0x0000000709e00000, 0x0000000709f00000|  0%| F|  |TAMS 0x0000000709e00000, 0x0000000709e00000| Untracked 
| 147|0x0000000709f00000, 0x0000000709f00000, 0x000000070a000000|  0%| F|  |TAMS 0x0000000709f00000, 0x0000000709f00000| Untracked 
| 148|0x000000070a000000, 0x000000070a000000, 0x000000070a100000|  0%| F|  |TAMS 0x000000070a000000, 0x000000070a000000| Untracked 
| 149|0x000000070a100000, 0x000000070a100000, 0x000000070a200000|  0%| F|  |TAMS 0x000000070a100000, 0x000000070a100000| Untracked 
| 150|0x000000070a200000, 0x000000070a200000, 0x000000070a300000|  0%| F|  |TAMS 0x000000070a200000, 0x000000070a200000| Untracked 
| 151|0x000000070a300000, 0x000000070a300000, 0x000000070a400000|  0%| F|  |TAMS 0x000000070a300000, 0x000000070a300000| Untracked 
| 152|0x000000070a400000, 0x000000070a400000, 0x000000070a500000|  0%| F|  |TAMS 0x000000070a400000, 0x000000070a400000| Untracked 
| 153|0x000000070a500000, 0x000000070a500000, 0x000000070a600000|  0%| F|  |TAMS 0x000000070a500000, 0x000000070a500000| Untracked 
| 154|0x000000070a600000, 0x000000070a600000, 0x000000070a700000|  0%| F|  |TAMS 0x000000070a600000, 0x000000070a600000| Untracked 
| 155|0x000000070a700000, 0x000000070a700000, 0x000000070a800000|  0%| F|  |TAMS 0x000000070a700000, 0x000000070a700000| Untracked 
| 156|0x000000070a800000, 0x000000070a800000, 0x000000070a900000|  0%| F|  |TAMS 0x000000070a800000, 0x000000070a800000| Untracked 
| 157|0x000000070a900000, 0x000000070a900000, 0x000000070aa00000|  0%| F|  |TAMS 0x000000070a900000, 0x000000070a900000| Untracked 
| 158|0x000000070aa00000, 0x000000070aa00000, 0x000000070ab00000|  0%| F|  |TAMS 0x000000070aa00000, 0x000000070aa00000| Untracked 
| 159|0x000000070ab00000, 0x000000070ab00000, 0x000000070ac00000|  0%| F|  |TAMS 0x000000070ab00000, 0x000000070ab00000| Untracked 
| 160|0x000000070ac00000, 0x000000070ac00000, 0x000000070ad00000|  0%| F|  |TAMS 0x000000070ac00000, 0x000000070ac00000| Untracked 
| 161|0x000000070ad00000, 0x000000070ad00000, 0x000000070ae00000|  0%| F|  |TAMS 0x000000070ad00000, 0x000000070ad00000| Untracked 
| 162|0x000000070ae00000, 0x000000070ae00000, 0x000000070af00000|  0%| F|  |TAMS 0x000000070ae00000, 0x000000070ae00000| Untracked 
| 163|0x000000070af00000, 0x000000070af00000, 0x000000070b000000|  0%| F|  |TAMS 0x000000070af00000, 0x000000070af00000| Untracked 
| 164|0x000000070b000000, 0x000000070b000000, 0x000000070b100000|  0%| F|  |TAMS 0x000000070b000000, 0x000000070b000000| Untracked 
| 165|0x000000070b100000, 0x000000070b100000, 0x000000070b200000|  0%| F|  |TAMS 0x000000070b100000, 0x000000070b100000| Untracked 
| 166|0x000000070b200000, 0x000000070b200000, 0x000000070b300000|  0%| F|  |TAMS 0x000000070b200000, 0x000000070b200000| Untracked 
| 167|0x000000070b300000, 0x000000070b300000, 0x000000070b400000|  0%| F|  |TAMS 0x000000070b300000, 0x000000070b300000| Untracked 
| 168|0x000000070b400000, 0x000000070b400000, 0x000000070b500000|  0%| F|  |TAMS 0x000000070b400000, 0x000000070b400000| Untracked 
| 169|0x000000070b500000, 0x000000070b500000, 0x000000070b600000|  0%| F|  |TAMS 0x000000070b500000, 0x000000070b500000| Untracked 
| 170|0x000000070b600000, 0x000000070b600000, 0x000000070b700000|  0%| F|  |TAMS 0x000000070b600000, 0x000000070b600000| Untracked 
| 171|0x000000070b700000, 0x000000070b700000, 0x000000070b800000|  0%| F|  |TAMS 0x000000070b700000, 0x000000070b700000| Untracked 
| 172|0x000000070b800000, 0x000000070b800000, 0x000000070b900000|  0%| F|  |TAMS 0x000000070b800000, 0x000000070b800000| Untracked 
| 173|0x000000070b900000, 0x000000070b900000, 0x000000070ba00000|  0%| F|  |TAMS 0x000000070b900000, 0x000000070b900000| Untracked 
| 174|0x000000070ba00000, 0x000000070ba00000, 0x000000070bb00000|  0%| F|  |TAMS 0x000000070ba00000, 0x000000070ba00000| Untracked 
| 175|0x000000070bb00000, 0x000000070bb00000, 0x000000070bc00000|  0%| F|  |TAMS 0x000000070bb00000, 0x000000070bb00000| Untracked 
| 176|0x000000070bc00000, 0x000000070bc00000, 0x000000070bd00000|  0%| F|  |TAMS 0x000000070bc00000, 0x000000070bc00000| Untracked 
| 177|0x000000070bd00000, 0x000000070bd00000, 0x000000070be00000|  0%| F|  |TAMS 0x000000070bd00000, 0x000000070bd00000| Untracked 
| 178|0x000000070be00000, 0x000000070be00000, 0x000000070bf00000|  0%| F|  |TAMS 0x000000070be00000, 0x000000070be00000| Untracked 
| 179|0x000000070bf00000, 0x000000070bf00000, 0x000000070c000000|  0%| F|  |TAMS 0x000000070bf00000, 0x000000070bf00000| Untracked 
| 180|0x000000070c000000, 0x000000070c000000, 0x000000070c100000|  0%| F|  |TAMS 0x000000070c000000, 0x000000070c000000| Untracked 
| 181|0x000000070c100000, 0x000000070c100000, 0x000000070c200000|  0%| F|  |TAMS 0x000000070c100000, 0x000000070c100000| Untracked 
| 182|0x000000070c200000, 0x000000070c200000, 0x000000070c300000|  0%| F|  |TAMS 0x000000070c200000, 0x000000070c200000| Untracked 
| 183|0x000000070c300000, 0x000000070c300000, 0x000000070c400000|  0%| F|  |TAMS 0x000000070c300000, 0x000000070c300000| Untracked 
| 184|0x000000070c400000, 0x000000070c400000, 0x000000070c500000|  0%| F|  |TAMS 0x000000070c400000, 0x000000070c400000| Untracked 
| 185|0x000000070c500000, 0x000000070c500000, 0x000000070c600000|  0%| F|  |TAMS 0x000000070c500000, 0x000000070c500000| Untracked 
| 186|0x000000070c600000, 0x000000070c600000, 0x000000070c700000|  0%| F|  |TAMS 0x000000070c600000, 0x000000070c600000| Untracked 
| 187|0x000000070c700000, 0x000000070c700000, 0x000000070c800000|  0%| F|  |TAMS 0x000000070c700000, 0x000000070c700000| Untracked 
| 188|0x000000070c800000, 0x000000070c800000, 0x000000070c900000|  0%| F|  |TAMS 0x000000070c800000, 0x000000070c800000| Untracked 
| 189|0x000000070c900000, 0x000000070c900000, 0x000000070ca00000|  0%| F|  |TAMS 0x000000070c900000, 0x000000070c900000| Untracked 
| 190|0x000000070ca00000, 0x000000070ca00000, 0x000000070cb00000|  0%| F|  |TAMS 0x000000070ca00000, 0x000000070ca00000| Untracked 
| 191|0x000000070cb00000, 0x000000070cb00000, 0x000000070cc00000|  0%| F|  |TAMS 0x000000070cb00000, 0x000000070cb00000| Untracked 
| 192|0x000000070cc00000, 0x000000070cc00000, 0x000000070cd00000|  0%| F|  |TAMS 0x000000070cc00000, 0x000000070cc00000| Untracked 
| 193|0x000000070cd00000, 0x000000070cd00000, 0x000000070ce00000|  0%| F|  |TAMS 0x000000070cd00000, 0x000000070cd00000| Untracked 
| 194|0x000000070ce00000, 0x000000070ce00000, 0x000000070cf00000|  0%| F|  |TAMS 0x000000070ce00000, 0x000000070ce00000| Untracked 
| 195|0x000000070cf00000, 0x000000070cf00000, 0x000000070d000000|  0%| F|  |TAMS 0x000000070cf00000, 0x000000070cf00000| Untracked 
| 196|0x000000070d000000, 0x000000070d000000, 0x000000070d100000|  0%| F|  |TAMS 0x000000070d000000, 0x000000070d000000| Untracked 
| 197|0x000000070d100000, 0x000000070d100000, 0x000000070d200000|  0%| F|  |TAMS 0x000000070d100000, 0x000000070d100000| Untracked 
| 198|0x000000070d200000, 0x000000070d200000, 0x000000070d300000|  0%| F|  |TAMS 0x000000070d200000, 0x000000070d200000| Untracked 
| 199|0x000000070d300000, 0x000000070d300000, 0x000000070d400000|  0%| F|  |TAMS 0x000000070d300000, 0x000000070d300000| Untracked 
| 200|0x000000070d400000, 0x000000070d400000, 0x000000070d500000|  0%| F|  |TAMS 0x000000070d400000, 0x000000070d400000| Untracked 
| 201|0x000000070d500000, 0x000000070d500000, 0x000000070d600000|  0%| F|  |TAMS 0x000000070d500000, 0x000000070d500000| Untracked 
| 202|0x000000070d600000, 0x000000070d600000, 0x000000070d700000|  0%| F|  |TAMS 0x000000070d600000, 0x000000070d600000| Untracked 
| 203|0x000000070d700000, 0x000000070d700000, 0x000000070d800000|  0%| F|  |TAMS 0x000000070d700000, 0x000000070d700000| Untracked 
| 204|0x000000070d800000, 0x000000070d800000, 0x000000070d900000|  0%| F|  |TAMS 0x000000070d800000, 0x000000070d800000| Untracked 
| 205|0x000000070d900000, 0x000000070d900000, 0x000000070da00000|  0%| F|  |TAMS 0x000000070d900000, 0x000000070d900000| Untracked 
| 206|0x000000070da00000, 0x000000070da00000, 0x000000070db00000|  0%| F|  |TAMS 0x000000070da00000, 0x000000070da00000| Untracked 
| 207|0x000000070db00000, 0x000000070db00000, 0x000000070dc00000|  0%| F|  |TAMS 0x000000070db00000, 0x000000070db00000| Untracked 
| 208|0x000000070dc00000, 0x000000070dc00000, 0x000000070dd00000|  0%| F|  |TAMS 0x000000070dc00000, 0x000000070dc00000| Untracked 
| 209|0x000000070dd00000, 0x000000070dd00000, 0x000000070de00000|  0%| F|  |TAMS 0x000000070dd00000, 0x000000070dd00000| Untracked 
| 210|0x000000070de00000, 0x000000070de00000, 0x000000070df00000|  0%| F|  |TAMS 0x000000070de00000, 0x000000070de00000| Untracked 
| 211|0x000000070df00000, 0x000000070df00000, 0x000000070e000000|  0%| F|  |TAMS 0x000000070df00000, 0x000000070df00000| Untracked 
| 212|0x000000070e000000, 0x000000070e000000, 0x000000070e100000|  0%| F|  |TAMS 0x000000070e000000, 0x000000070e000000| Untracked 
| 213|0x000000070e100000, 0x000000070e100000, 0x000000070e200000|  0%| F|  |TAMS 0x000000070e100000, 0x000000070e100000| Untracked 
| 214|0x000000070e200000, 0x000000070e200000, 0x000000070e300000|  0%| F|  |TAMS 0x000000070e200000, 0x000000070e200000| Untracked 
| 215|0x000000070e300000, 0x000000070e300000, 0x000000070e400000|  0%| F|  |TAMS 0x000000070e300000, 0x000000070e300000| Untracked 
| 216|0x000000070e400000, 0x000000070e400000, 0x000000070e500000|  0%| F|  |TAMS 0x000000070e400000, 0x000000070e400000| Untracked 
| 217|0x000000070e500000, 0x000000070e500000, 0x000000070e600000|  0%| F|  |TAMS 0x000000070e500000, 0x000000070e500000| Untracked 
| 218|0x000000070e600000, 0x000000070e600000, 0x000000070e700000|  0%| F|  |TAMS 0x000000070e600000, 0x000000070e600000| Untracked 
| 219|0x000000070e700000, 0x000000070e700000, 0x000000070e800000|  0%| F|  |TAMS 0x000000070e700000, 0x000000070e700000| Untracked 
| 220|0x000000070e800000, 0x000000070e800000, 0x000000070e900000|  0%| F|  |TAMS 0x000000070e800000, 0x000000070e800000| Untracked 
| 221|0x000000070e900000, 0x000000070e900000, 0x000000070ea00000|  0%| F|  |TAMS 0x000000070e900000, 0x000000070e900000| Untracked 
| 222|0x000000070ea00000, 0x000000070ea00000, 0x000000070eb00000|  0%| F|  |TAMS 0x000000070ea00000, 0x000000070ea00000| Untracked 
| 223|0x000000070eb00000, 0x000000070eb00000, 0x000000070ec00000|  0%| F|  |TAMS 0x000000070eb00000, 0x000000070eb00000| Untracked 
| 224|0x000000070ec00000, 0x000000070ec00000, 0x000000070ed00000|  0%| F|  |TAMS 0x000000070ec00000, 0x000000070ec00000| Untracked 
| 225|0x000000070ed00000, 0x000000070ed00000, 0x000000070ee00000|  0%| F|  |TAMS 0x000000070ed00000, 0x000000070ed00000| Untracked 
| 226|0x000000070ee00000, 0x000000070ee00000, 0x000000070ef00000|  0%| F|  |TAMS 0x000000070ee00000, 0x000000070ee00000| Untracked 
| 227|0x000000070ef00000, 0x000000070ef00000, 0x000000070f000000|  0%| F|  |TAMS 0x000000070ef00000, 0x000000070ef00000| Untracked 
| 228|0x000000070f000000, 0x000000070f000000, 0x000000070f100000|  0%| F|  |TAMS 0x000000070f000000, 0x000000070f000000| Untracked 
| 229|0x000000070f100000, 0x000000070f100000, 0x000000070f200000|  0%| F|  |TAMS 0x000000070f100000, 0x000000070f100000| Untracked 
| 230|0x000000070f200000, 0x000000070f200000, 0x000000070f300000|  0%| F|  |TAMS 0x000000070f200000, 0x000000070f200000| Untracked 
| 231|0x000000070f300000, 0x000000070f300000, 0x000000070f400000|  0%| F|  |TAMS 0x000000070f300000, 0x000000070f300000| Untracked 
| 232|0x000000070f400000, 0x000000070f400000, 0x000000070f500000|  0%| F|  |TAMS 0x000000070f400000, 0x000000070f400000| Untracked 
| 233|0x000000070f500000, 0x000000070f500000, 0x000000070f600000|  0%| F|  |TAMS 0x000000070f500000, 0x000000070f500000| Untracked 
| 234|0x000000070f600000, 0x000000070f6fe060, 0x000000070f700000| 99%| E|  |TAMS 0x000000070f600000, 0x000000070f600000| Complete 
| 235|0x000000070f700000, 0x000000070f800000, 0x000000070f800000|100%| E|CS|TAMS 0x000000070f700000, 0x000000070f700000| Complete 
| 236|0x000000070f800000, 0x000000070f900000, 0x000000070f900000|100%| E|CS|TAMS 0x000000070f800000, 0x000000070f800000| Complete 
| 237|0x000000070f900000, 0x000000070fa00000, 0x000000070fa00000|100%| E|CS|TAMS 0x000000070f900000, 0x000000070f900000| Complete 
| 238|0x000000070fa00000, 0x000000070fb00000, 0x000000070fb00000|100%| E|CS|TAMS 0x000000070fa00000, 0x000000070fa00000| Complete 
| 239|0x000000070fb00000, 0x000000070fc00000, 0x000000070fc00000|100%| E|CS|TAMS 0x000000070fb00000, 0x000000070fb00000| Complete 
| 240|0x000000070fc00000, 0x000000070fd00000, 0x000000070fd00000|100%| E|CS|TAMS 0x000000070fc00000, 0x000000070fc00000| Complete 
| 241|0x000000070fd00000, 0x000000070fe00000, 0x000000070fe00000|100%| E|CS|TAMS 0x000000070fd00000, 0x000000070fd00000| Complete 
| 242|0x000000070fe00000, 0x000000070ff00000, 0x000000070ff00000|100%| E|CS|TAMS 0x000000070fe00000, 0x000000070fe00000| Complete 
| 243|0x000000070ff00000, 0x0000000710000000, 0x0000000710000000|100%| E|CS|TAMS 0x000000070ff00000, 0x000000070ff00000| Complete 
| 244|0x0000000710000000, 0x0000000710100000, 0x0000000710100000|100%| E|CS|TAMS 0x0000000710000000, 0x0000000710000000| Complete 
| 245|0x0000000710100000, 0x0000000710200000, 0x0000000710200000|100%| E|CS|TAMS 0x0000000710100000, 0x0000000710100000| Complete 
| 246|0x0000000710200000, 0x0000000710300000, 0x0000000710300000|100%| E|CS|TAMS 0x0000000710200000, 0x0000000710200000| Complete 
| 247|0x0000000710300000, 0x0000000710400000, 0x0000000710400000|100%| E|CS|TAMS 0x0000000710300000, 0x0000000710300000| Complete 
| 248|0x0000000710400000, 0x0000000710500000, 0x0000000710500000|100%| E|CS|TAMS 0x0000000710400000, 0x0000000710400000| Complete 
| 249|0x0000000710500000, 0x0000000710600000, 0x0000000710600000|100%| E|CS|TAMS 0x0000000710500000, 0x0000000710500000| Complete 
| 250|0x0000000710600000, 0x0000000710700000, 0x0000000710700000|100%| E|CS|TAMS 0x0000000710600000, 0x0000000710600000| Complete 
| 251|0x0000000710700000, 0x0000000710800000, 0x0000000710800000|100%| E|CS|TAMS 0x0000000710700000, 0x0000000710700000| Complete 
| 252|0x0000000710800000, 0x0000000710900000, 0x0000000710900000|100%| E|CS|TAMS 0x0000000710800000, 0x0000000710800000| Complete 
| 253|0x0000000710900000, 0x0000000710a00000, 0x0000000710a00000|100%| E|CS|TAMS 0x0000000710900000, 0x0000000710900000| Complete 
| 254|0x0000000710a00000, 0x0000000710b00000, 0x0000000710b00000|100%| E|CS|TAMS 0x0000000710a00000, 0x0000000710a00000| Complete 
| 255|0x0000000710b00000, 0x0000000710c00000, 0x0000000710c00000|100%| E|CS|TAMS 0x0000000710b00000, 0x0000000710b00000| Complete 

Card table byte_map: [0x0000020b7ea80000,0x0000020b7f280000] _byte_map_base: 0x0000020b7b27a000

Marking Bits (Prev, Next): (CMBitMap*) 0x0000020b66630b68, (CMBitMap*) 0x0000020b66630ba0
 Prev Bits: [0x0000020b00000000, 0x0000020b03fd0000)
 Next Bits: [0x0000020b03fd0000, 0x0000020b07fa0000)

Polling page: 0x0000020b65db0000

Metaspace:

Usage:
  Non-class:     11.42 MB capacity,    11.05 MB ( 97%) used,   330.73 KB (  3%) free+waste,    55.00 KB ( <1%) overhead. 
      Class:      1.47 MB capacity,     1.26 MB ( 86%) used,   189.55 KB ( 13%) free+waste,    27.00 KB (  2%) overhead. 
       Both:     12.89 MB capacity,    12.31 MB ( 95%) used,   520.28 KB (  4%) free+waste,    82.00 KB ( <1%) overhead. 

Virtual space:
  Non-class space:       12.00 MB reserved,      11.50 MB ( 96%) committed 
      Class space:        1.00 GB reserved,       1.50 MB ( <1%) committed 
             Both:        1.01 GB reserved,      13.00 MB (  1%) committed 

Chunk freelists:
   Non-Class:  14.00 KB
       Class:  0 bytes
        Both:  14.00 KB

MaxMetaspaceSize: 17179869184.00 GB
CompressedClassSpaceSize: 1.00 GB
Initial GC threshold: 20.80 MB
Current GC threshold: 20.80 MB
CDS: off

CodeHeap 'non-profiled nmethods': size=120000Kb used=379Kb max_used=379Kb free=119620Kb
 bounds [0x0000020b76800000, 0x0000020b76a70000, 0x0000020b7dd30000]
CodeHeap 'profiled nmethods': size=120000Kb used=2095Kb max_used=2095Kb free=117904Kb
 bounds [0x0000020b6f2d0000, 0x0000020b6f540000, 0x0000020b76800000]
CodeHeap 'non-nmethods': size=5760Kb used=1206Kb max_used=1224Kb free=4553Kb
 bounds [0x0000020b6ed30000, 0x0000020b6efa0000, 0x0000020b6f2d0000]
 total_blobs=1514 nmethods=1135 adapters=300
 compilation: enabled
              stopped_count=0, restarted_count=0
 full_count=0

Compilation events (20 events):
Event: 0.801 Thread 0x0000020b0b0f6000 1125       3       java.util.StringTokenizer::hasMoreTokens (29 bytes)
Event: 0.801 Thread 0x0000020b0b0f6000 nmethod 1125 0x0000020b6f4d9010 code [0x0000020b6f4d91c0, 0x0000020b6f4d9368]
Event: 0.801 Thread 0x0000020b0b0f6000 1127       3       java.util.StringTokenizer::nextToken (92 bytes)
Event: 0.801 Thread 0x0000020b0b0f6000 nmethod 1127 0x0000020b6f4d9410 code [0x0000020b6f4d9600, 0x0000020b6f4d9938]
Event: 0.803 Thread 0x0000020b0b279800 1128       4       java.util.HashMap::put (13 bytes)
Event: 0.807 Thread 0x0000020b0b0f1000 1129       4       java.lang.Math::max (11 bytes)
Event: 0.807 Thread 0x0000020b0b0f1000 nmethod 1129 0x0000020b7685c510 code [0x0000020b7685c6a0, 0x0000020b7685c6f8]
Event: 0.808 Thread 0x0000020b0b0f6000 1130       3       java.nio.HeapCharBuffer::ix (7 bytes)
Event: 0.808 Thread 0x0000020b0b0f6000 nmethod 1130 0x0000020b6f4d9a90 code [0x0000020b6f4d9c40, 0x0000020b6f4d9d38]
Event: 0.808 Thread 0x0000020b0b0f6000 1131       3       java.nio.CharBuffer::charAt (16 bytes)
Event: 0.808 Thread 0x0000020b0b0f6000 nmethod 1131 0x0000020b6f4d9e10 code [0x0000020b6f4da000, 0x0000020b6f4da358]
Event: 0.808 Thread 0x0000020b0b0f6000 1132       3       java.util.regex.Pattern$$Lambda$58/0x00000008000c5c40::is (5 bytes)
Event: 0.809 Thread 0x0000020b0b0f6000 nmethod 1132 0x0000020b6f4da490 code [0x0000020b6f4da640, 0x0000020b6f4da8b8]
Event: 0.841 Thread 0x0000020b0b279800 nmethod 1128 0x0000020b7685c810 code [0x0000020b7685ca40, 0x0000020b7685e690]
Event: 1.344 Thread 0x0000020b0b0f6000 1133       3       java.lang.AbstractStringBuilder::append (45 bytes)
Event: 1.345 Thread 0x0000020b0b0f6000 nmethod 1133 0x0000020b6f4da990 code [0x0000020b6f4dabc0, 0x0000020b6f4db0d8]
Event: 1.345 Thread 0x0000020b0b0f6000 1134       3       java.lang.StringUTF16::putChar (54 bytes)
Event: 1.345 Thread 0x0000020b0b0f6000 nmethod 1134 0x0000020b6f4db310 code [0x0000020b6f4db4c0, 0x0000020b6f4db618]
Event: 37.990 Thread 0x0000020b0b0f6000 1135       3       java.lang.String::getBytes (44 bytes)
Event: 37.991 Thread 0x0000020b0b0f6000 nmethod 1135 0x0000020b6f4db710 code [0x0000020b6f4db900, 0x0000020b6f4dbc78]

GC Heap History (0 events):
No events

Deoptimization events (20 events):
Event: 0.749 Thread 0x0000020b665ce000 Uncommon trap: trap_request=0xffffff4d fr.pc=0x0000020b7683ea4c relative=0x00000000000000ac
Event: 0.749 Thread 0x0000020b665ce000 Uncommon trap: reason=unstable_if action=reinterpret pc=0x0000020b7683ea4c method=java.lang.StringLatin1.lastIndexOf([BI[BII)I @ 32 c2
Event: 0.749 Thread 0x0000020b665ce000 DEOPT PACKING pc=0x0000020b7683ea4c sp=0x000000574c0fc250
Event: 0.749 Thread 0x0000020b665ce000 DEOPT UNPACKING pc=0x0000020b6ed7a1af sp=0x000000574c0fc1b8 mode 2
Event: 0.807 Thread 0x0000020b665ce000 Uncommon trap: trap_request=0xffffff4d fr.pc=0x0000020b76835a70 relative=0x00000000000004b0
Event: 0.807 Thread 0x0000020b665ce000 Uncommon trap: reason=unstable_if action=reinterpret pc=0x0000020b76835a70 method=java.lang.AbstractStringBuilder.putStringAt(ILjava/lang/String;)V @ 8 c2
Event: 0.807 Thread 0x0000020b665ce000 DEOPT PACKING pc=0x0000020b76835a70 sp=0x000000574c0fc3f0
Event: 0.807 Thread 0x0000020b665ce000 DEOPT UNPACKING pc=0x0000020b6ed7a1af sp=0x000000574c0fc318 mode 2
Event: 0.807 Thread 0x0000020b665ce000 Uncommon trap: trap_request=0xffffff4d fr.pc=0x0000020b7683c258 relative=0x0000000000000498
Event: 0.807 Thread 0x0000020b665ce000 Uncommon trap: reason=unstable_if action=reinterpret pc=0x0000020b7683c258 method=java.lang.AbstractStringBuilder.putStringAt(ILjava/lang/String;)V @ 8 c2
Event: 0.807 Thread 0x0000020b665ce000 DEOPT PACKING pc=0x0000020b7683c258 sp=0x000000574c0fc390
Event: 0.807 Thread 0x0000020b665ce000 DEOPT UNPACKING pc=0x0000020b6ed7a1af sp=0x000000574c0fc310 mode 2
Event: 0.807 Thread 0x0000020b665ce000 Uncommon trap: trap_request=0xffffff4d fr.pc=0x0000020b768361fc relative=0x000000000000005c
Event: 0.807 Thread 0x0000020b665ce000 Uncommon trap: reason=unstable_if action=reinterpret pc=0x0000020b768361fc method=java.lang.AbstractStringBuilder.isLatin1()Z @ 10 c2
Event: 0.807 Thread 0x0000020b665ce000 DEOPT PACKING pc=0x0000020b768361fc sp=0x000000574c0fc2a0
Event: 0.807 Thread 0x0000020b665ce000 DEOPT UNPACKING pc=0x0000020b6ed7a1af sp=0x000000574c0fc240 mode 2
Event: 0.807 Thread 0x0000020b665ce000 Uncommon trap: trap_request=0xffffff4d fr.pc=0x0000020b76833f84 relative=0x00000000000000e4
Event: 0.807 Thread 0x0000020b665ce000 Uncommon trap: reason=unstable_if action=reinterpret pc=0x0000020b76833f84 method=java.lang.String.getBytes([BIB)V @ 5 c2
Event: 0.807 Thread 0x0000020b665ce000 DEOPT PACKING pc=0x0000020b76833f84 sp=0x000000574c0fc2b0
Event: 0.807 Thread 0x0000020b665ce000 DEOPT UNPACKING pc=0x0000020b6ed7a1af sp=0x000000574c0fc288 mode 2

Classes redefined (2 events):
Event: 37.635 Thread 0x0000020b0a7e4800 redefined class name=vendingmachine.dao.VendingMachineDaoImplTest, count=1
Event: 91.302 Thread 0x0000020b0a7e4800 redefined class name=vendingmachine.dao.VendingMachineDaoImplTest, count=2

Internal exceptions (20 events):
Event: 0.525 Thread 0x0000020b665ce000 Exception <a 'java/lang/IncompatibleClassChangeError'{0x00000007100bb4e8}: Found class java.lang.Object, but interface was expected> (0x00000007100bb4e8) thrown at [./src/hotspot/share/interpreter/linkResolver.cpp, line 839]
Event: 0.543 Thread 0x0000020b665ce000 Exception <a 'java/lang/NoSuchMethodError'{0x000000070ff77d80}: 'java.lang.Object java.lang.invoke.Invokers$Holder.linkToTargetMethod(java.lang.Object, java.lang.Object, java.lang.Object, java.lang.Object, java.lang.Object, java.lang.Object)'> (0x000000070ff77d80) thrown at [./src/hotspot/share/interpreter/linkResolver.cpp, line 773]
Event: 0.570 Thread 0x0000020b665ce000 Exception <a 'java/lang/NoSuchMethodError'{0x000000070fea8538}: 'java.lang.Object java.lang.invoke.DirectMethodHandle$Holder.invokeSpecialIFC(java.lang.Object, java.lang.Object, java.lang.Object, java.lang.Object)'> (0x000000070fea8538) thrown at [./src/hotspot/share/interpreter/linkResolver.cpp, line 773]
Event: 0.574 Thread 0x0000020b665ce000 Exception <a 'java/lang/NoSuchMethodError'{0x000000070fec2708}: 'java.lang.Object java.lang.invoke.DirectMethodHandle$Holder.invokeInterface(java.lang.Object, java.lang.Object, java.lang.Object)'> (0x000000070fec2708) thrown at [./src/hotspot/share/interpreter/linkResolver.cpp, line 773]
Event: 0.583 Thread 0x0000020b665ce000 Exception <a 'java/lang/IncompatibleClassChangeError'{0x000000070fd2f188}: Found class java.lang.Object, but interface was expected> (0x000000070fd2f188) thrown at [./src/hotspot/share/interpreter/linkResolver.cpp, line 839]
Event: 0.591 Thread 0x0000020b665ce000 Exception <a 'java/lang/IncompatibleClassChangeError'{0x000000070fd77938}: Found class java.lang.Object, but interface was expected> (0x000000070fd77938) thrown at [./src/hotspot/share/interpreter/linkResolver.cpp, line 839]
Event: 0.605 Thread 0x0000020b665ce000 Exception <a 'java/lang/NoSuchMethodError'{0x000000070fdef688}: 'void java.lang.invoke.DirectMethodHandle$Holder.invokeSpecial(java.lang.Object, java.lang.Object, java.lang.Object, java.lang.Object, java.lang.Object)'> (0x000000070fdef688) thrown at [./src/hotspot/share/interpreter/linkResolver.cpp, line 773]
Event: 0.617 Thread 0x0000020b665ce000 Exception <a 'java/lang/NoSuchMethodError'{0x000000070fc44cc8}: 'void java.lang.invoke.DirectMethodHandle$Holder.invokeInterface(java.lang.Object, java.lang.Object, java.lang.Object, java.lang.Object)'> (0x000000070fc44cc8) thrown at [./src/hotspot/share/interpreter/linkResolver.cpp, line 773]
Event: 0.617 Thread 0x0000020b665ce000 Exception <a 'java/lang/IncompatibleClassChangeError'{0x000000070fc47a88}: Found class java.lang.Object, but interface was expected> (0x000000070fc47a88) thrown at [./src/hotspot/share/interpreter/linkResolver.cpp, line 839]
Event: 0.620 Thread 0x0000020b665ce000 Exception <a 'java/lang/NoSuchMethodError'{0x000000070fc5e290}: 'void java.lang.invoke.DirectMethodHandle$Holder.invokeStatic(java.lang.Object, java.lang.Object, java.lang.Object, java.lang.Object)'> (0x000000070fc5e290) thrown at [./src/hotspot/share/interpreter/linkResolver.cpp, line 773]
Event: 0.623 Thread 0x0000020b665ce000 Exception <a 'java/lang/NoSuchMethodError'{0x000000070fc7acf8}: 'java.lang.Object java.lang.invoke.Invokers$Holder.linkToTargetMethod(java.lang.Object, int, java.lang.Object)'> (0x000000070fc7acf8) thrown at [./src/hotspot/share/interpreter/linkResolver.cpp, line 773]
Event: 0.649 Thread 0x0000020b665ce000 Exception <a 'java/lang/NoSuchMethodError'{0x000000070fb3b5b8}: 'int java.lang.invoke.DirectMethodHandle$Holder.invokeStatic(java.lang.Object, java.lang.Object, java.lang.Object, java.lang.Object, java.lang.Object)'> (0x000000070fb3b5b8) thrown at [./src/hotspot/share/interpreter/linkResolver.cpp, line 773]
Event: 0.661 Thread 0x0000020b665ce000 Exception <a 'java/lang/NoSuchMethodError'{0x000000070fb97f30}: 'void java.lang.invoke.DirectMethodHandle$Holder.invokeStaticInit(java.lang.Object)'> (0x000000070fb97f30) thrown at [./src/hotspot/share/interpreter/linkResolver.cpp, line 773]
Event: 0.666 Thread 0x0000020b665ce000 Exception <a 'java/lang/NoSuchMethodError'{0x000000070fbb1e90}: 'void java.lang.invoke.DirectMethodHandle$Holder.invokeSpecial(java.lang.Object, java.lang.Object)'> (0x000000070fbb1e90) thrown at [./src/hotspot/share/interpreter/linkResolver.cpp, line 773]
Event: 0.687 Thread 0x0000020b665ce000 Exception <a 'java/lang/NoSuchMethodError'{0x000000070fab32a8}: 'int java.lang.invoke.DirectMethodHandle$Holder.invokeStaticInit(java.lang.Object, java.lang.Object)'> (0x000000070fab32a8) thrown at [./src/hotspot/share/interpreter/linkResolver.cpp, line 773]
Event: 0.723 Thread 0x0000020b665ce000 Exception <a 'java/lang/NoSuchMethodError'{0x000000070f9b0f00}: 'void java.lang.invoke.DirectMethodHandle$Holder.invokeStatic(java.lang.Object, java.lang.Object, java.lang.Object, java.lang.Object, java.lang.Object)'> (0x000000070f9b0f00) thrown at [./src/hotspot/share/interpreter/linkResolver.cpp, line 773]
Event: 0.724 Thread 0x0000020b665ce000 Exception <a 'java/lang/NoSuchMethodError'{0x000000070f9bf348}: 'java.lang.Object java.lang.invoke.Invokers$Holder.linkToTargetMethod(java.lang.Object, java.lang.Object, java.lang.Object, java.lang.Object, java.lang.Object, java.lang.Object, java.lang.Object)'> (0x000000070f9bf348) thrown at [./src/hotspot/share/interpreter/linkResolver.cpp, line 773]
Event: 0.724 Thread 0x0000020b665ce000 Exception <a 'java/lang/NoSuchMethodError'{0x000000070f9c5058}: 'java.lang.Object java.lang.invoke.DirectMethodHandle$Holder.invokeInterface(java.lang.Object, java.lang.Object, java.lang.Object, java.lang.Object, java.lang.Object)'> (0x000000070f9c5058) thrown at [./src/hotspot/share/interpreter/linkResolver.cpp, line 773]
Event: 0.725 Thread 0x0000020b665ce000 Exception <a 'java/lang/IncompatibleClassChangeError'{0x000000070f9c87b0}: Found class java.lang.Object, but interface was expected> (0x000000070f9c87b0) thrown at [./src/hotspot/share/interpreter/linkResolver.cpp, line 839]
Event: 0.768 Thread 0x0000020b665ce000 Exception <a 'java/lang/NoSuchMethodError'{0x000000070f77df20}: 'java.lang.Object java.lang.invoke.DirectMethodHandle$Holder.invokeStatic(java.lang.Object, int, java.lang.Object)'> (0x000000070f77df20) thrown at [./src/hotspot/share/interpreter/linkResolver.cpp, line 773]

Events (20 events):
Event: 68.062 Executing VM operation: GetOrSetLocal done
Event: 91.295 Executing VM operation: ChangeBreakpoints
Event: 91.295 Executing VM operation: ChangeBreakpoints done
Event: 91.296 Executing VM operation: RedefineClasses
Event: 91.304 Executing VM operation: RedefineClasses done
Event: 91.304 Executing VM operation: GetFrameCount
Event: 91.304 Executing VM operation: GetFrameCount done
Event: 91.304 Executing VM operation: GetFrameCount
Event: 91.305 Executing VM operation: GetFrameCount done
Event: 91.305 Executing VM operation: GetStackTrace
Event: 91.305 Executing VM operation: GetStackTrace done
Event: 91.357 Executing VM operation: ChangeBreakpoints
Event: 91.358 Executing VM operation: ChangeBreakpoints done
Event: 91.359 Executing VM operation: GetFrameCount
Event: 91.359 Executing VM operation: GetFrameCount done
Event: 91.359 Executing VM operation: GetStackTrace
Event: 91.359 Executing VM operation: GetStackTrace done
Event: 91.367 Executing VM operation: GetFrameLocation
Event: 91.367 Executing VM operation: GetFrameLocation done
Event: 91.367 Executing VM operation: GetOrSetLocal


Dynamic libraries:
0x00007ff779310000 - 0x00007ff77931d000 	C:\Users\Alex\.jdks\corretto-11.0.15\bin\java.exe
0x00007fff05d50000 - 0x00007fff05f45000 	C:\WINDOWS\SYSTEM32\ntdll.dll
0x00007fff04190000 - 0x00007fff0424e000 	C:\WINDOWS\System32\KERNEL32.DLL
0x00007fff03470000 - 0x00007fff03738000 	C:\WINDOWS\System32\KERNELBASE.dll
0x00007fff03970000 - 0x00007fff03a70000 	C:\WINDOWS\System32\ucrtbase.dll
0x00007ffeda360000 - 0x00007ffeda377000 	C:\Users\Alex\.jdks\corretto-11.0.15\bin\jli.dll
0x00007ffeefeb0000 - 0x00007ffeefec9000 	C:\Users\Alex\.jdks\corretto-11.0.15\bin\VCRUNTIME140.dll
0x00007fff052c0000 - 0x00007fff05460000 	C:\WINDOWS\System32\USER32.dll
0x00007ffef2380000 - 0x00007ffef261a000 	C:\WINDOWS\WinSxS\amd64_microsoft.windows.common-controls_6595b64144ccf1df_6.0.19041.1110_none_60b5254171f9507e\COMCTL32.dll
0x00007fff03b80000 - 0x00007fff03ba2000 	C:\WINDOWS\System32\win32u.dll
0x00007fff04010000 - 0x00007fff040ae000 	C:\WINDOWS\System32\msvcrt.dll
0x00007fff03f10000 - 0x00007fff03f3a000 	C:\WINDOWS\System32\GDI32.dll
0x00007fff03a70000 - 0x00007fff03b7b000 	C:\WINDOWS\System32\gdi32full.dll
0x00007fff03740000 - 0x00007fff037dd000 	C:\WINDOWS\System32\msvcp_win.dll
0x00007fff03db0000 - 0x00007fff03de0000 	C:\WINDOWS\System32\IMM32.DLL
0x00007ffecb700000 - 0x00007ffecb79b000 	C:\Users\Alex\.jdks\corretto-11.0.15\bin\msvcp140.dll
0x00007ffe87ab0000 - 0x00007ffe88633000 	C:\Users\Alex\.jdks\corretto-11.0.15\bin\server\jvm.dll
0x00007fff04ba0000 - 0x00007fff04c4e000 	C:\WINDOWS\System32\ADVAPI32.dll
0x00007fff04c50000 - 0x00007fff04cec000 	C:\WINDOWS\System32\sechost.dll
0x00007fff04dc0000 - 0x00007fff04ee5000 	C:\WINDOWS\System32\RPCRT4.dll
0x00007fff04ef0000 - 0x00007fff04ef8000 	C:\WINDOWS\System32\PSAPI.DLL
0x00007ffef95e0000 - 0x00007ffef95ea000 	C:\WINDOWS\SYSTEM32\VERSION.dll
0x00007ffef95b0000 - 0x00007ffef95d7000 	C:\WINDOWS\SYSTEM32\WINMM.dll
0x00007ffee5500000 - 0x00007ffee5509000 	C:\WINDOWS\SYSTEM32\WSOCK32.dll
0x00007fff04cf0000 - 0x00007fff04d5b000 	C:\WINDOWS\System32\WS2_32.dll
0x00007fff01d30000 - 0x00007fff01d42000 	C:\WINDOWS\SYSTEM32\kernel.appcore.dll
0x00007ffef2cb0000 - 0x00007ffef2cc0000 	C:\Users\Alex\.jdks\corretto-11.0.15\bin\verify.dll
0x00007fff01210000 - 0x00007fff013f4000 	C:\WINDOWS\SYSTEM32\DBGHELP.DLL
0x00007ffee5190000 - 0x00007ffee51bc000 	C:\WINDOWS\SYSTEM32\dbgcore.DLL
0x00007fff037e0000 - 0x00007fff03862000 	C:\WINDOWS\System32\bcryptPrimitives.dll
0x00007ffecb430000 - 0x00007ffecb458000 	C:\Users\Alex\.jdks\corretto-11.0.15\bin\java.dll
0x00007ffef2c60000 - 0x00007ffef2c6a000 	C:\Users\Alex\.jdks\corretto-11.0.15\bin\jimage.dll
0x00007ffef1780000 - 0x00007ffef17b8000 	C:\Users\Alex\.jdks\corretto-11.0.15\bin\jdwp.dll
0x00007ffefede0000 - 0x00007ffefedee000 	C:\Users\Alex\.jdks\corretto-11.0.15\bin\instrument.dll
0x00007ffed4340000 - 0x00007ffed4358000 	C:\Users\Alex\.jdks\corretto-11.0.15\bin\zip.dll
0x00007fff04250000 - 0x00007fff04994000 	C:\WINDOWS\System32\SHELL32.dll
0x00007fff01590000 - 0x00007fff01d24000 	C:\WINDOWS\SYSTEM32\windows.storage.dll
0x00007fff04f60000 - 0x00007fff052b4000 	C:\WINDOWS\System32\combase.dll
0x00007fff02ee0000 - 0x00007fff02f0c000 	C:\WINDOWS\SYSTEM32\Wldp.dll
0x00007fff040b0000 - 0x00007fff0415d000 	C:\WINDOWS\System32\SHCORE.dll
0x00007fff04d60000 - 0x00007fff04db5000 	C:\WINDOWS\System32\shlwapi.dll
0x00007fff033b0000 - 0x00007fff033cf000 	C:\WINDOWS\SYSTEM32\profapi.dll
0x00007ffefc010000 - 0x00007ffefc01a000 	C:\Users\Alex\.jdks\corretto-11.0.15\bin\dt_socket.dll
0x00007fff02c40000 - 0x00007fff02caa000 	C:\WINDOWS\system32\mswsock.dll
0x00007ffed2220000 - 0x00007ffed2239000 	C:\Users\Alex\.jdks\corretto-11.0.15\bin\net.dll
0x00007ffef3530000 - 0x00007ffef363a000 	C:\WINDOWS\SYSTEM32\WINHTTP.dll
0x00007ffed1f80000 - 0x00007ffed1f93000 	C:\Users\Alex\.jdks\corretto-11.0.15\bin\nio.dll

dbghelp: loaded successfully - version: 4.0.5 - missing functions: none
symbol engine: initialized successfully - sym options: 0x614 - pdb path: .;C:\Users\Alex\.jdks\corretto-11.0.15\bin;C:\WINDOWS\SYSTEM32;C:\WINDOWS\WinSxS\amd64_microsoft.windows.common-controls_6595b64144ccf1df_6.0.19041.1110_none_60b5254171f9507e;C:\Users\Alex\.jdks\corretto-11.0.15\bin\server

VM Arguments:
jvm_args: -agentlib:jdwp=transport=dt_socket,address=127.0.0.1:58420,suspend=y,server=n -ea -Didea.test.cyclic.buffer.size=1048576 -javaagent:C:\Users\Alex\AppData\Local\JetBrains\IdeaIC2022.1\captureAgent\debugger-agent.jar -Dfile.encoding=UTF-8 
java_command: com.intellij.rt.junit.JUnitStarter -ideVersion5 -junit5 vendingmachine.dao.VendingMachineDaoImplTest,auditEntryTest
java_class_path (initial): C:\Users\Alex\.m2\repository\org\junit\platform\junit-platform-launcher\1.8.2\junit-platform-launcher-1.8.2.jar;C:\Program Files\JetBrains\IntelliJ IDEA Community Edition 2022.1\lib\idea_rt.jar;C:\Program Files\JetBrains\IntelliJ IDEA Community Edition 2022.1\plugins\junit\lib\junit5-rt.jar;C:\Program Files\JetBrains\IntelliJ IDEA Community Edition 2022.1\plugins\junit\lib\junit-rt.jar;C:\Users\Alex\CS\mThree\git\c224-a3-vending-machine-Chan0515\VendingMachine\target\test-classes;C:\Users\Alex\CS\mThree\git\c224-a3-vending-machine-Chan0515\VendingMachine\target\classes;C:\Users\Alex\.m2\repository\org\junit\jupiter\junit-jupiter\5.8.2\junit-jupiter-5.8.2.jar;C:\Users\Alex\.m2\repository\org\junit\jupiter\junit-jupiter-api\5.8.2\junit-jupiter-api-5.8.2.jar;C:\Users\Alex\.m2\repository\org\opentest4j\opentest4j\1.2.0\opentest4j-1.2.0.jar;C:\Users\Alex\.m2\repository\org\junit\platform\junit-platform-commons\1.8.2\junit-platform-commons-1.8.2.jar;C:\Users\Alex\.m2\repository\org\apiguardian\apiguardian-api\1.1.2\apiguardian-api-1.1.2.jar;C:\Users\Alex\.m2\repository\org\junit\jupiter\junit-jupiter-params\5.8.2\junit-jupiter-params-5.8.2.jar;C:\Users\Alex\.m2\repository\org\junit\jupiter\junit-jupiter-engine\5.8.2\junit-jupiter-engine-5.8.2.jar;C:\Users\Alex\.m2\repository\org\junit\platform\junit-platform-engine\1.8.2\junit-platform-engine-1.8.2.jar
Launcher Type: SUN_STANDARD

[Global flags]
     intx CICompilerCount                          = 4                                         {product} {ergonomic}
     uint ConcGCThreads                            = 3                                         {product} {ergonomic}
     uint G1ConcRefinementThreads                  = 10                                        {product} {ergonomic}
   size_t G1HeapRegionSize                         = 1048576                                   {product} {ergonomic}
    uintx GCDrainStackTargetSize                   = 64                                        {product} {ergonomic}
   size_t InitialHeapSize                          = 268435456                                 {product} {ergonomic}
   size_t MarkStackSize                            = 4194304                                   {product} {ergonomic}
   size_t MaxHeapSize                              = 4282384384                                {product} {ergonomic}
   size_t MaxNewSize                               = 2569011200                                {product} {ergonomic}
   size_t MinHeapDeltaBytes                        = 1048576                                   {product} {ergonomic}
    uintx NonNMethodCodeHeapSize                   = 5836300                                {pd product} {ergonomic}
    uintx NonProfiledCodeHeapSize                  = 122910970                              {pd product} {ergonomic}
    uintx ProfiledCodeHeapSize                     = 122910970                              {pd product} {ergonomic}
    uintx ReservedCodeCacheSize                    = 251658240                              {pd product} {ergonomic}
     bool SegmentedCodeCache                       = true                                      {product} {ergonomic}
     bool UseCompressedClassPointers               = true                                 {lp64_product} {ergonomic}
     bool UseCompressedOops                        = true                                 {lp64_product} {ergonomic}
     bool UseG1GC                                  = true                                      {product} {ergonomic}
     bool UseLargePagesIndividualAllocation        = false                                  {pd product} {ergonomic}

Logging:
Log output configuration:
 #0: stdout all=warning uptime,level,tags
 #1: stderr all=off uptime,level,tags

Environment Variables:
PATH=C:\Program Files\PostgreSQL\14\bin;C:\Python310\Scripts\;C:\Python310\;C:\Program Files (x86)\Common Files\Oracle\Java\javapath;Z:\Commands;C:\Program Files\Microsoft HPC Pack 2008 R2\Bin\;C:\ProgramData\Oracle\Java\javapath;C:\WINDOWS\system32;C:\WINDOWS;C:\WINDOWS\System32\Wbem;C:\WINDOWS\System32\WindowsPowerShell\v1.0\;C:\Program Files (x86)\GtkSharp\2.12\bin;C:\WINDOWS\System32\OpenSSH\;C:\Program Files\Microsoft SQL Server\Client SDK\ODBC\110\Tools\Binn\;C:\Program Files (x86)\Microsoft SQL Server\120\Tools\Binn\;C:\Program Files\Microsoft SQL Server\120\Tools\Binn\;C:\Program Files\Microsoft SQL Server\120\DTS\Binn\;C:\Program Files (x86)\Windows Kits\8.1\Windows Performance Toolkit\;C:\Program Files\Common Files\Autodesk Shared\;C:\WINDOWS\system32;C:\WINDOWS;C:\WINDOWS\System32\Wbem;C:\WINDOWS\System32\WindowsPowerShell\v1.0\;C:\WINDOWS\System32\OpenSSH\;C:\ProgramData\chocolatey\bin;C:\Program Files\Git\cmd;C:\Program Files\nodejs\;C:\Program Files\sqlite3;C:\Program Files\GitHub CLI\;C:\Program Files\heroku\bin;C:\Program Files\Go\bin;C:\Python310;C:\Program Files\PostgreSQL\14\bin;C:\Program Files\heroku\bin;;C:\Users\Alex\AppData\Local\Programs\Microsoft VS Code\bin;C:\Users\Alex\go\bin;C:\Program Files\JetBrains\IntelliJ IDEA 2022.1\bin;;C:\Program Files\JetBrains\IntelliJ IDEA Community Edition 2022.1\bin;
USERNAME=Alex
OS=Windows_NT
PROCESSOR_IDENTIFIER=AMD64 Family 23 Model 1 Stepping 1, AuthenticAMD



---------------  S Y S T E M  ---------------

OS: Windows 10 , 64 bit Build 19041 (10.0.19041.1645)
OS uptime: 0 days 2:21 hours

CPU:total 12 (initial active 12) (12 cores per cpu, 2 threads per core) family 23 model 1 stepping 1 microcode 0x0, cmov, cx8, fxsr, mmx, sse, sse2, sse3, ssse3, sse4.1, sse4.2, popcnt, avx, avx2, aes, clmul, mmxext, 3dnowpref, lzcnt, sse4a, ht, tsc, tscinvbit, tscinv, bmi1, bmi2, adx, sha, fma

Memory: 4k page, system-wide physical 16329M (6550M free)
TotalPageFile size 21705M (AvailPageFile size 5545M)
current process WorkingSet (physical memory assigned to process): 74M, peak: 79M
current process commit charge ("private bytes"): 357M, peak: 361M

vm_info: OpenJDK 64-Bit Server VM (11.0.15+9-LTS) for windows-amd64 JRE (11.0.15+9-LTS), built on Apr 15 2022 22:20:31 by "Administrator" with unknown MS VC++:1916

END.
